<?xml version="1.0" encoding="UTF-8" ?>
<testsuite failures="0" time="178.166" errors="0" skipped="0" tests="70" name="org.vanilladb.core.VanillaDbTestSuite">
  <properties>
[...]
</properties>
  <testcase time="0.012" classname="org.vanilladb.core.storage.file.FileTest" name="testReadWriteAppend"/>
  <testcase time="0" classname="org.vanilladb.core.storage.file.FileTest" name="testFileList"/>
  <testcase time="0.001" classname="org.vanilladb.core.storage.file.FileTest" name="testSetAndGet"/>
  <testcase time="0.001" classname="org.vanilladb.core.storage.file.FileTest" name="testBoundaries"/>
  <testcase time="0.002" classname="org.vanilladb.core.storage.file.FileTest" name="testBlock"/>
  <testcase time="0.029" classname="org.vanilladb.core.storage.buffer.BufferTest" name="testBuffer"/>
  <testcase time="0.01" classname="org.vanilladb.core.storage.buffer.BufferTest" name="testAvailability"/>
  <testcase time="0.022" classname="org.vanilladb.core.storage.buffer.BufferTest" name="testBufferAbortException"/>
  <testcase time="11.111" classname="org.vanilladb.core.storage.buffer.BufferTest" name="testBufferRepinning"/>
  <testcase time="0.025" classname="org.vanilladb.core.storage.record.RecordTest" name="testReadOnly"/>
  <testcase time="0.039" classname="org.vanilladb.core.storage.record.RecordTest" name="testRecordPage"/>
  <testcase time="0.265" classname="org.vanilladb.core.storage.record.RecordTest" name="testRecordFile"/>
  <testcase time="0.023" classname="org.vanilladb.core.storage.tx.recovery.RecoveryTest" name="testRollback"/>
  <testcase time="0.007" classname="org.vanilladb.core.storage.tx.recovery.RecoveryTest" name="testRecover"/>
  <testcase time="0.003" classname="org.vanilladb.core.storage.tx.concurrency.LockTableTest" name="testSLocks"/>
  <testcase time="20.004" classname="org.vanilladb.core.storage.tx.concurrency.LockTableTest" name="testXLocks"/>
  <testcase time="40.011" classname="org.vanilladb.core.storage.tx.concurrency.LockTableTest" name="testMultiGranularityLocking"/>
  <testcase time="30.005" classname="org.vanilladb.core.storage.tx.concurrency.ConcurrencyTest" name="testSerializableConcurrencyMgr"/>
  <testcase time="10.003" classname="org.vanilladb.core.storage.tx.concurrency.ConcurrencyTest" name="testSerializablePhantom"/>
  <testcase time="10.003" classname="org.vanilladb.core.storage.tx.concurrency.ConcurrencyTest" name="testRepeatableReadConcurrency"/>
  <testcase time="0.001" classname="org.vanilladb.core.storage.tx.concurrency.ConcurrencyTest" name="testRepeatableReadPhantom"/>
  <testcase time="0.001" classname="org.vanilladb.core.storage.tx.concurrency.ConcurrencyTest" name="testRepeatableReadEndStatement"/>
  <testcase time="10.038" classname="org.vanilladb.core.storage.tx.concurrency.ConcurrencyTest" name="testSS"/>
  <testcase time="0.009" classname="org.vanilladb.core.storage.tx.concurrency.ConcurrencyTest" name="testSRR"/>
  <testcase time="0.082" classname="org.vanilladb.core.algebra.materialize.MaterializeTest" name="testAggregationFn"/>
  <testcase time="2.686" classname="org.vanilladb.core.algebra.materialize.MaterializeTest" name="testGroupBy"/>
  <testcase time="6.721" classname="org.vanilladb.core.algebra.materialize.MaterializeTest" name="testSort"/>
  <testcase time="0.046" classname="org.vanilladb.core.storage.tx.TxTest" name="testRollback"/>
  <testcase time="0.005" classname="org.vanilladb.core.storage.tx.TxTest" name="testCommit"/>
  <testcase time="0.008" classname="org.vanilladb.core.storage.tx.TxTest" name="testEndStatement"/>
  <testcase time="2.55" classname="org.vanilladb.core.storage.tx.TxTest" name="testConcurrency"/>
  <testcase time="11.008" classname="org.vanilladb.core.storage.tx.TxTest" name="testDeadlock"/>
  <testcase time="0.022" classname="org.vanilladb.core.storage.metadata.MetadataTest" name="testTableMgr"/>
  <testcase time="0.006" classname="org.vanilladb.core.storage.metadata.MetadataTest" name="testViewMgr"/>
  <testcase time="0.011" classname="org.vanilladb.core.storage.metadata.MetadataTest" name="testIndexMgr"/>
  <testcase time="0.011" classname="org.vanilladb.core.query.algebra.QueryTest" name="testTable"/>
  <testcase time="0.054" classname="org.vanilladb.core.query.algebra.QueryTest" name="testSelect"/>
  <testcase time="0.054" classname="org.vanilladb.core.query.algebra.QueryTest" name="testProject"/>
  <testcase time="0.382" classname="org.vanilladb.core.query.algebra.QueryTest" name="testProduct"/>
  <testcase time="0.337" classname="org.vanilladb.core.query.planner.PlannerTest" name="testQuery"/>
  <testcase time="0.623" classname="org.vanilladb.core.query.planner.PlannerTest" name="testView"/>
  <testcase time="0.011" classname="org.vanilladb.core.query.planner.PlannerTest" name="testInsert"/>
  <testcase time="0.047" classname="org.vanilladb.core.query.planner.PlannerTest" name="testDelete"/>
  <testcase time="0.044" classname="org.vanilladb.core.query.planner.PlannerTest" name="testModify"/>
  <testcase time="0.018" classname="org.vanilladb.core.query.planner.QueryVerifierTest" name="testInsertData"/>
  <testcase time="0.015" classname="org.vanilladb.core.query.planner.QueryVerifierTest" name="testModifyData"/>
  <testcase time="0.005" classname="org.vanilladb.core.query.planner.QueryVerifierTest" name="testDeleteData"/>
  <testcase time="0.004" classname="org.vanilladb.core.query.planner.QueryVerifierTest" name="testCreateTableData"/>
  <testcase time="0.004" classname="org.vanilladb.core.query.planner.QueryVerifierTest" name="testCreateIndexData"/>
  <testcase time="0.031" classname="org.vanilladb.core.query.planner.QueryVerifierTest" name="testCreateViewData"/>
  <testcase time="0.007" classname="org.vanilladb.core.query.algebra.parse.ParseTest" name="testParseInsert"/>
  <testcase time="0.007" classname="org.vanilladb.core.query.algebra.parse.ParseTest" name="testParseSelect"/>
  <testcase time="0.001" classname="org.vanilladb.core.query.algebra.parse.ParseTest" name="testParseConstant"/>
  <testcase time="0.001" classname="org.vanilladb.core.query.algebra.parse.ParseTest" name="testCreateTable"/>
  <testcase time="0" classname="org.vanilladb.core.query.algebra.sql.ConstantRangeTest" name="testIsValid"/>
  <testcase time="0" classname="org.vanilladb.core.query.algebra.sql.ConstantRangeTest" name="testConstantOperations"/>
  <testcase time="0" classname="org.vanilladb.core.query.algebra.sql.ConstantRangeTest" name="testRangeOperations"/>
  <testcase time="0.001" classname="org.vanilladb.core.query.algebra.sql.ConstantRangeTest" name="testVarcharRange"/>
  <testcase time="0.031" classname="org.vanilladb.core.storage.index.btree.BTreeIndexTest" name="testBasicOperation"/>
  <testcase time="1.983" classname="org.vanilladb.core.storage.index.btree.BTreeIndexTest" name="testBTreeIndex"/>
  <testcase time="0.015" classname="org.vanilladb.core.storage.index.hash.HashIndexTest" name="testHashIndex"/>
  <testcase time="0.005" classname="org.vanilladb.core.util.ConstantTest" name="testConstant"/>
  <testcase time="0.029" classname="org.vanilladb.core.storage.metadata.statistics.HistogramTest" name="testNewMaxDiffFreqHistogram"/>
  <testcase time="0.008" classname="org.vanilladb.core.storage.metadata.statistics.HistogramTest" name="testNewMaxDiffAreaHistogram"/>
  <testcase time="0.007" classname="org.vanilladb.core.storage.metadata.statistics.HistogramTest" name="testRangeHistogram"/>
  <testcase time="0.008" classname="org.vanilladb.core.storage.metadata.statistics.HistogramTest" name="testPredHistogram"/>
  <testcase time="0.005" classname="org.vanilladb.core.storage.metadata.statistics.HistogramTest" name="testProductHistogram"/>
  <testcase time="0.004" classname="org.vanilladb.core.storage.metadata.statistics.HistogramTest" name="testProjectHistogram"/>
  <testcase time="0.003" classname="org.vanilladb.core.storage.metadata.statistics.HistogramTest" name="testJoinHistogram"/>
  <testcase time="0.007" classname="org.vanilladb.core.storage.metadata.statistics.HistogramTest" name="testGroupByHistogram"/>
</testsuite>